<?xml version="1.0" encoding="UTF-8"?>
<!-- Generated by org.testng.reporters.JUnitReportReporter -->
<testsuite hostname="DESKTOP-1ABT9ES" failures="0" tests="1" name="scenario.TestMicTEst" time="13.907" errors="0" timestamp="2023-06-19T15:25:39 IST" skipped="0">
  <testcase classname="scenario.TestMicTEst" name="test" time="13.907"/>
  <system-out/>
</testsuite> <!-- scenario.TestMicTEst -->
