<?xml version="1.0" encoding="UTF-8"?>
<!-- Generated by org.testng.reporters.JUnitReportReporter -->
<testsuite hostname="DESKTOP-1ABT9ES" failures="0" tests="1" name="scenario.TestMicTEst" time="24.095" errors="0" timestamp="2023-06-19T17:51:46 IST" skipped="0">
  <testcase classname="scenario.TestMicTEst" name="test" time="24.095"/>
  <system-out/>
</testsuite> <!-- scenario.TestMicTEst -->
