<?xml version="1.0" encoding="UTF-8"?>
<!-- Generated by org.testng.reporters.JUnitReportReporter -->
<testsuite hostname="DESKTOP-1ABT9ES" failures="0" tests="1" name="scenario.goibibo" time="79.777" errors="0" timestamp="2023-04-24T10:01:41 IST" skipped="0">
  <testcase classname="scenario.goibibo" name="test" time="79.777"/>
  <system-out/>
</testsuite> <!-- scenario.goibibo -->
